<?xml version="1.0" encoding="UTF-8"?>
<!-- Generated by org.testng.reporters.JUnitXMLReporter -->
<testsuite ignored="4" hostname="DESKTOP-56PO596" failures="0" tests="2" name="Default test" time="4.432" errors="0" timestamp="2024-05-29T16:52:20 IST">
  <testcase classname="DistributedAdmin.Create_company_CRUD" name="distributorAdminLoginTest" time="3.995"/>
  <testcase classname="DistributedAdmin.Create_company_CRUD" name="getCompanyLocationsById" time="0.303"/>
  <testcase classname="DistributedAdmin.Create_company_CRUD" name="DeleteDistributorUserById" time="0.0">
    <ignored/>
  </testcase> <!-- DeleteDistributorUserById -->
  <testcase classname="DistributedAdmin.Create_company_CRUD" name="getCompanyLocations" time="0.0">
    <ignored/>
  </testcase> <!-- getCompanyLocations -->
  <testcase classname="DistributedAdmin.Create_company_CRUD" name="updateCompanyLocationByIdTest" time="0.0">
    <ignored/>
  </testcase> <!-- updateCompanyLocationByIdTest -->
  <testcase classname="DistributedAdmin.Create_company_CRUD" name="createCompanyLocationTest" time="0.0">
    <ignored/>
  </testcase> <!-- createCompanyLocationTest -->
</testsuite> <!-- Default test -->
