<?xml version="1.0" encoding="UTF-8"?>
<testng-results ignored="4" total="6" passed="2" failed="0" skipped="0">
  <reporter-output>
  </reporter-output>
  <suite started-at="2024-05-29T16:52:16 IST" name="Default suite" finished-at="2024-05-29T16:52:20 IST" duration-ms="4432">
    <groups>
    </groups>
    <test started-at="2024-05-29T16:52:16 IST" name="Default test" finished-at="2024-05-29T16:52:20 IST" duration-ms="4432">
      <class name="DistributedAdmin.Create_company_CRUD">
        <test-method signature="distributorAdminLoginTest()[pri:0, instance:DistributedAdmin.Create_company_CRUD@38c6f217]" started-at="2024-05-29T16:52:16 IST" name="distributorAdminLoginTest" finished-at="2024-05-29T16:52:20 IST" duration-ms="3995" status="PASS">
          <reporter-output>
          </reporter-output>
        </test-method> <!-- distributorAdminLoginTest -->
        <test-method signature="getCompanyLocationsById()[pri:3, instance:DistributedAdmin.Create_company_CRUD@38c6f217]" started-at="2024-05-29T16:52:20 IST" name="getCompanyLocationsById" description="Get Company Locations By ID" finished-at="2024-05-29T16:52:20 IST" depends-on-methods="DistributedAdmin.Create_company_CRUD.distributorAdminLoginTest" duration-ms="303" status="PASS">
          <reporter-output>
          </reporter-output>
        </test-method> <!-- getCompanyLocationsById -->
      </class> <!-- DistributedAdmin.Create_company_CRUD -->
    </test> <!-- Default test -->
  </suite> <!-- Default suite -->
</testng-results>
